1615354351455:exit
1615354732432:Exit
1615354737389:exit
1615379600024:ca Д. Браун
1615379616630:ca Браун
1615380108512:ca 'ваппэ ввэ'
1615440860922:gbl
1615441102441:fbid 3
1615441148658:fbid 7
1615441157962:stacktrace
1615441316804:fbid 9
1615441707237:createBook
1615441767031:stacktrace
1615443024643:createBook
1615443047811:gbl
1615443069078:cb
1615443089456:gbl
1615443217967:cb
1615443240015:gal
1615443245610:ggl
1615443845745:gal
1615443852651:ggl
1615443864397:stacktrace
1615443895754:gal
1615443898880:ggl
1615443905357:gbl
1615443908569:cb
1615443922150:ппд
1615443925043:ggl
1615443928895:gal
1615443932710:cb
1615443949240:ggl
1615443953340:gal
1615443958812:gbl
1615466777773:cb
1615466794242:stacktrace
1615466849368:си
1615466851418:cb
1615527628172:fbid
1615527632532:fbid 3
1615527639097:gbl
1615801785060:пид
1615801787307:gbl
1615801798683:gbid 2
1615801809514:fbid 2
1615801818781:gal
1615801828344:ggl
1615801834026:cb
1615801842336:cbl
1615801845729:fbl
1615801849430:gbl
1615801880340:ub 2
1615801932021:stacktrace
1615808034967:ub
1615808039832:ub 2
1615808067429:up
1615808070454:ub
1615808082891:ub 2
1615808110328:fb 2
1615808114958:fbid 2
1615808126486:gal
1616043177149:db 1
1616043183186:gal
1616043192930:da
1616043309394:da 1
1616043351594:da
1616043355655:da 1
1616043362091:gbl
1616170347893:fa 2
1616170371839:gbl
1616170386307:fb 1
1616222024666:ca Author1
1616222038919:fa 1
1616224013153:ca Новый
1616224017972:пф 1
1616224021125:ga 1
1616224027334:fa 1
1616224031386:da 1
1616224036704:fa 1
1616227731791:fbl
1616227735053:gbl
1616227834008:са "Д. Донцова"
1616227848293:ca 'Д. Донцова'
1616227882138:fa
1616227885065:fa 3
1616227888503:fa 4
1616227890598:fa 5
1617331483377:fbl
1617331487983:gbl
1617356258784:ub 1
1617356289246:gbl
1617358924706:fa 6
1617359086432:fc 1
1617359091395:fc 6
1617375897584:ub
1617375902077:ub 1
1617375924821:stacktrace
1617375998801:ub 1
1617376275816:gbl
1617376284559:gal
1617376291036:ggl
1617376304255:cc 1
1617376331607:command
1617376335906:stacktrace
1617376533164:сс
1617376535045:сс 1
1617376549491:cc 1
1617376590466:gclb 1
1617376675419:uc 6
1617376734857:fc 6
