1614231713273:help
1614231728127:exit
1614248494550:l
1614248503243:exit
1614248796590:start
1614248985614:h
1614248988728:help
1614248997660:start
1614249004808:stacktrace
1614249048274:start
1614249052690:stacktrace
1614249133222:start
1614249223992:stacktrace
1614250635132:start
1614322639274:h
1614322643510:exit
1614323082125:Учше
1614323085072:Exit
1614323089269:exit
1614755837443:start
1614765941208:login nat
1614765953351:start
1614766067763:login
1614766072632:start
1614766645008:login
1614766676019:start
1614766811686:login
1614766817653:start
1614920456491:login
1614920459704:start
